d:\hulg\yxcti\softswitch\sems-1.6.0\apps\sbc\call_control\ts\x64\debug\vc140.pdb
d:\hulg\yxcti\softswitch\sems-1.6.0\apps\sbc\call_control\ts\x64\debug\vc140.idb
d:\hulg\yxcti\softswitch\sems-1.6.0\apps\sbc\call_control\ts\x64\debug\kfpc_monitorchmgr.obj
d:\hulg\yxcti\softswitch\sems-1.6.0\apps\sbc\call_control\ts\x64\debug\kfpc_licctrl.obj
d:\hulg\yxcti\softswitch\sems-1.6.0\apps\sbc\call_control\ts\x64\debug\kfpc_linuxdaemon.obj
d:\hulg\yxcti\softswitch\sems-1.6.0\apps\sbc\call_control\ts\x64\debug\kfpc_loophandler.obj
d:\hulg\yxcti\softswitch\sems-1.6.0\apps\sbc\call_control\ts\x64\debug\kfpc_numberanalyse.obj
d:\hulg\yxcti\softswitch\sems-1.6.0\apps\sbc\call_control\ts\x64\debug\hash.obj
d:\hulg\yxcti\softswitch\sems-1.6.0\apps\sbc\call_control\ts\x64\debug\kfpc_voiceserapihandlerimp.obj
d:\hulg\yxcti\softswitch\sems-1.6.0\apps\sbc\call_control\ts\x64\debug\kfpc_confchannel.obj
d:\hulg\yxcti\softswitch\sems-1.6.0\apps\sbc\call_control\ts\x64\debug\kfpc_eh_id2str.obj
d:\hulg\yxcti\softswitch\sems-1.6.0\apps\sbc\call_control\ts\x64\debug\kfpc_log.obj
d:\hulg\yxcti\softswitch\sems-1.6.0\apps\sbc\call_control\ts\x64\debug\kfpc_mempool.obj
d:\hulg\yxcti\softswitch\sems-1.6.0\apps\sbc\call_control\ts\x64\debug\kfpc_scanlogpath.obj
d:\hulg\yxcti\softswitch\sems-1.6.0\apps\sbc\call_control\ts\x64\debug\kfpc_scanuncompressedlogfiletask.obj
d:\hulg\yxcti\softswitch\sems-1.6.0\apps\sbc\call_control\ts\x64\debug\kfpc_sn32.obj
d:\hulg\yxcti\softswitch\sems-1.6.0\apps\sbc\call_control\ts\x64\debug\kfpc_sn64.obj
d:\hulg\yxcti\softswitch\sems-1.6.0\apps\sbc\call_control\ts\x64\debug\kfpc_threadpool.obj
d:\hulg\yxcti\softswitch\sems-1.6.0\apps\sbc\call_control\ts\x64\debug\kfpc_threadtask.obj
d:\hulg\yxcti\softswitch\sems-1.6.0\apps\sbc\call_control\ts\x64\debug\kfpc_threadtaskqueue.obj
d:\hulg\yxcti\softswitch\sems-1.6.0\apps\sbc\call_control\ts\x64\debug\kfpc_time.obj
d:\hulg\yxcti\softswitch\sems-1.6.0\apps\sbc\call_control\ts\x64\debug\kfpc_timeouttask.obj
d:\hulg\yxcti\softswitch\sems-1.6.0\apps\sbc\call_control\ts\x64\debug\kfpc_timer.obj
d:\hulg\yxcti\softswitch\sems-1.6.0\apps\sbc\call_control\ts\x64\debug\kfpc_timerthreadpool.obj
d:\hulg\yxcti\softswitch\sems-1.6.0\apps\sbc\call_control\ts\x64\debug\kfpc_tserver.obj
d:\hulg\yxcti\softswitch\sems-1.6.0\apps\sbc\call_control\ts\x64\debug\kfpc_tslicser.obj
d:\hulg\yxcti\softswitch\sems-1.6.0\apps\sbc\call_control\ts\x64\debug\kfpc_tslicsermgr.obj
d:\hulg\yxcti\softswitch\sems-1.6.0\apps\sbc\call_control\ts\x64\debug\kfpc_voiceser.obj
d:\hulg\yxcti\softswitch\sems-1.6.0\apps\sbc\call_control\ts\x64\debug\kfpc_voicesermgr.obj
d:\hulg\yxcti\softswitch\sems-1.6.0\apps\sbc\call_control\ts\x64\debug\kfpc_tserverapipack.obj
d:\hulg\yxcti\softswitch\sems-1.6.0\apps\sbc\call_control\ts\x64\debug\kfpc_voiceserapihandler.obj
d:\hulg\yxcti\softswitch\sems-1.6.0\apps\sbc\call_control\ts\x64\debug\kfpc_channel.obj
d:\hulg\yxcti\softswitch\sems-1.6.0\apps\sbc\call_control\ts\x64\debug\kfpc_checkinvalidcallid.obj
d:\hulg\yxcti\softswitch\sems-1.6.0\apps\sbc\call_control\ts\x64\debug\kfpc_chmgr.obj
d:\hulg\yxcti\softswitch\sems-1.6.0\apps\sbc\call_control\ts\x64\debug\kfpc_chres.obj
d:\hulg\yxcti\softswitch\sems-1.6.0\apps\sbc\call_control\ts\x64\debug\kfpc_monitorrefreshdata.obj
d:\hulg\yxcti\softswitch\sems-1.6.0\apps\sbc\call_control\ts\x64\debug\kfpc_nodemgr.obj
d:\hulg\yxcti\softswitch\sems-1.6.0\apps\sbc\call_control\ts\x64\debug\kfpc_compressfiletask.obj
d:\hulg\yxcti\softswitch\sems-1.6.0\apps\sbc\call_control\ts\x64\debug\kfpc_getmac.obj
d:\hulg\yxcti\softswitch\sems-1.6.0\apps\sbc\call_control\ts\x64\debug\kfpc_guid.obj
d:\hulg\yxcti\softswitch\sems-1.6.0\apps\sbc\call_control\ts\x64\debug\kfpc_linuxwinapi.obj
d:\hulg\yxcti\softswitch\sems-1.6.0\apps\sbc\call_control\ts\x64\debug\kfpc_linuxwinnet.obj
d:\hulg\yxcti\softswitch\sems-1.6.0\apps\sbc\call_control\ts\x64\debug\kfpc_commonvoice.obj
d:\hulg\yxcti\softswitch\sems-1.6.0\apps\sbc\call_control\ts\x64\debug\kfpc_dbaccessinfo.obj
d:\hulg\yxcti\softswitch\sems-1.6.0\apps\sbc\call_control\ts\x64\debug\kfpc_dbtask.obj
d:\hulg\yxcti\softswitch\sems-1.6.0\apps\sbc\call_control\ts\x64\debug\kfpc_dbthreadpool.obj
d:\hulg\yxcti\softswitch\sems-1.6.0\apps\sbc\call_control\ts\x64\debug\kfpc_execmdidtask.obj
d:\hulg\yxcti\softswitch\sems-1.6.0\apps\sbc\call_control\ts\x64\debug\kfpc_basecommandset.obj
d:\hulg\yxcti\softswitch\sems-1.6.0\apps\sbc\call_control\ts\x64\debug\kfpc_cmdmgr.obj
d:\hulg\yxcti\softswitch\sems-1.6.0\apps\sbc\call_control\ts\x64\debug\kfpc_cmdthreadtask.obj
d:\hulg\yxcti\softswitch\sems-1.6.0\apps\sbc\call_control\ts\x64\debug\kfpc_cmdtimer.obj
d:\hulg\yxcti\softswitch\sems-1.6.0\apps\sbc\call_control\ts\x64\debug\kfpc_comapihanderimp.obj
d:\hulg\yxcti\softswitch\sems-1.6.0\apps\sbc\call_control\ts\x64\debug\kfpc_licenseserapihandler.obj
d:\hulg\yxcti\softswitch\sems-1.6.0\apps\sbc\call_control\ts\x64\debug\kfpc_tserverapihandler.obj
d:\hulg\yxcti\softswitch\sems-1.6.0\apps\sbc\call_control\ts\x64\debug\kfpc_tserverapihandlerimp.obj
d:\hulg\yxcti\softswitch\sems-1.6.0\apps\sbc\call_control\ts\x64\debug\kfpc_trunkgroup.obj
d:\hulg\yxcti\softswitch\sems-1.6.0\apps\sbc\call_control\ts\x64\debug\kfpc_trunkgroupmgr.obj
d:\hulg\yxcti\softswitch\sems-1.6.0\apps\sbc\call_control\ts\x64\debug\kfpc_tserverconfigfile.obj
d:\hulg\yxcti\softswitch\sems-1.6.0\apps\sbc\call_control\ts\x64\debug\kfc_voiceidmgr.obj
d:\hulg\yxcti\softswitch\sems-1.6.0\apps\sbc\call_control\ts\x64\debug\kfpc_api_handle.obj
d:\hulg\yxcti\softswitch\sems-1.6.0\apps\sbc\call_control\ts\x64\debug\kfpc_appmainthread.obj
d:\hulg\yxcti\softswitch\sems-1.6.0\apps\sbc\call_control\ts\x64\debug\kfpc_basecmdmgr.obj
d:\hulg\yxcti\softswitch\sems-1.6.0\apps\sbc\call_control\ts\x64\debug\kfpc_basecommand.obj
d:\hulg\yxcti\softswitch\sems-1.6.0\apps\sbc\call_control\ts\x64\debug\kfpc_basecommandsetex.obj
d:\hulg\yxcti\softswitch\sems-1.6.0\apps\sbc\call_control\ts\x64\debug\ts.tlog\cl.command.1.tlog
d:\hulg\yxcti\softswitch\sems-1.6.0\apps\sbc\call_control\ts\x64\debug\ts.tlog\cl.read.1.tlog
d:\hulg\yxcti\softswitch\sems-1.6.0\apps\sbc\call_control\ts\x64\debug\ts.tlog\cl.write.1.tlog
