  KFPC_VoiceSerMgr.cpp
d:\hulg\yxcti\softswitch\sems-1.6.0\apps\sbc\call_control\ts\servermgr\kfpc_voicesermgr.cpp(1): fatal error C1083: 无法打开包括文件: “kfpc_logex.h”: No such file or directory
  KFPC_VoiceSer.cpp
d:\hulg\yxcti\softswitch\sems-1.6.0\apps\sbc\call_control\ts\servermgr\kfpc_voiceser.cpp(3): fatal error C1083: 无法打开包括文件: “kfpc_sn32.h”: No such file or directory
  KFPC_TSLicSerMgr.cpp
d:\hulg\yxcti\softswitch\sems-1.6.0\apps\sbc\call_control\ts\servermgr\kfpc_tslicsermgr.cpp(1): fatal error C1083: 无法打开包括文件: “kfpc_logex.h”: No such file or directory
  KFPC_TSLicSer.cpp
d:\hulg\yxcti\softswitch\sems-1.6.0\apps\sbc\call_control\ts\servermgr\kfpc_tslicser.cpp(1): fatal error C1083: 无法打开包括文件: “kfpc_logex.h”: No such file or directory
  KFPC_TServerMain.cpp
d:\hulg\yxcti\softswitch\sems-1.6.0\apps\sbc\call_control\ts\kfpc_tservermain.cpp(2): fatal error C1083: 无法打开包括文件: “kfpc_logex.h”: No such file or directory
  KFPC_TServerDef.cpp
d:\hulg\yxcti\softswitch\sems-1.6.0\apps\sbc\call_control\ts\kfpc_tserverdef.cpp(1): fatal error C1083: 无法打开包括文件: “kfpc_linuxwinapi.h”: No such file or directory
  KFPC_TServer.cpp
d:\hulg\yxcti\softswitch\sems-1.6.0\apps\sbc\call_control\ts\kfpc_tserver.cpp(4): fatal error C1083: 无法打开包括文件: “kfpc_linuxwinapi.h”: No such file or directory
  kfpc_timerthreadpool.cpp
d:\hulg\yxcti\softswitch\sems-1.6.0\apps\sbc\call_control\ts\kfpc_public\kfpc_linuxwinapi.h(57): fatal error C1083: 无法打开包括文件: “semaphore.h”: No such file or directory
  kfpc_timer.cpp
d:\hulg\yxcti\softswitch\sems-1.6.0\apps\sbc\call_control\ts\kfpc_public\kfpc_linuxwinapi.h(57): fatal error C1083: 无法打开包括文件: “semaphore.h”: No such file or directory
  kfpc_timeouttask.cpp
d:\hulg\yxcti\softswitch\sems-1.6.0\apps\sbc\call_control\ts\kfpc_public\kfpc_time.h(17): fatal error C1083: 无法打开包括文件: “sys/time.h”: No such file or directory
  kfpc_time.cpp
d:\hulg\yxcti\softswitch\sems-1.6.0\apps\sbc\call_control\ts\kfpc_public\kfpc_time.h(17): fatal error C1083: 无法打开包括文件: “sys/time.h”: No such file or directory
  kfpc_threadtaskqueue.cpp
d:\hulg\yxcti\softswitch\sems-1.6.0\apps\sbc\call_control\ts\kfpc_public\kfpc_threadtaskqueue.cpp(1): fatal error C1083: 无法打开包括文件: “kfpc_logex.h”: No such file or directory
  kfpc_threadtask.cpp
d:\hulg\yxcti\softswitch\sems-1.6.0\apps\sbc\call_control\ts\kfpc_public\kfpc_threadtask.cpp(1): fatal error C1083: 无法打开包括文件: “kfpc_logex.h”: No such file or directory
  kfpc_threadpool.cpp
d:\hulg\yxcti\softswitch\sems-1.6.0\apps\sbc\call_control\ts\kfpc_public\kfpc_threadpool.cpp(1): fatal error C1083: 无法打开包括文件: “kfpc_logex.h”: No such file or directory
  kfpc_sn64.cpp
d:\hulg\yxcti\softswitch\sems-1.6.0\apps\sbc\call_control\ts\kfpc_public\kfpc_linuxwinapi.h(57): fatal error C1083: 无法打开包括文件: “semaphore.h”: No such file or directory
  kfpc_sn32.cpp
d:\hulg\yxcti\softswitch\sems-1.6.0\apps\sbc\call_control\ts\kfpc_public\kfpc_linuxwinapi.h(57): fatal error C1083: 无法打开包括文件: “semaphore.h”: No such file or directory
  kfpc_scanuncompressedlogfiletask.cpp
d:\hulg\yxcti\softswitch\sems-1.6.0\apps\sbc\call_control\ts\kfpc_public\kfpc_linuxwinapi.h(57): fatal error C1083: 无法打开包括文件: “semaphore.h”: No such file or directory
  kfpc_scanlogpath.cpp
d:\hulg\yxcti\softswitch\sems-1.6.0\apps\sbc\call_control\ts\kfpc_public\kfpc_linuxwinapi.h(57): fatal error C1083: 无法打开包括文件: “semaphore.h”: No such file or directory
  kfpc_mempool.cpp
d:\hulg\yxcti\softswitch\sems-1.6.0\apps\sbc\call_control\ts\kfpc_public\kfpc_mempool.h(10): fatal error C1083: 无法打开包括文件: “apr_pools.h”: No such file or directory
  kfpc_log.cpp
d:\hulg\yxcti\softswitch\sems-1.6.0\apps\sbc\call_control\ts\kfpc_public\kfpc_linuxwinapi.h(57): fatal error C1083: 无法打开包括文件: “semaphore.h”: No such file or directory
  正在生成代码...
  正在编译...
  kfpc_linuxwinnet.cpp
d:\hulg\yxcti\softswitch\sems-1.6.0\apps\sbc\call_control\ts\kfpc_public\kfpc_linuxwinnet.h(17): fatal error C1083: 无法打开包括文件: “arpa/inet.h”: No such file or directory
  kfpc_linuxwinapi.cpp
d:\hulg\yxcti\softswitch\sems-1.6.0\apps\sbc\call_control\ts\kfpc_public\kfpc_time.h(17): fatal error C1083: 无法打开包括文件: “sys/time.h”: No such file or directory
  kfpc_guid.cpp
d:\hulg\yxcti\softswitch\sems-1.6.0\apps\sbc\call_control\ts\kfpc_public\kfpc_linuxwinapi.h(57): fatal error C1083: 无法打开包括文件: “semaphore.h”: No such file or directory
  kfpc_getmac.cpp
d:\hulg\yxcti\softswitch\sems-1.6.0\apps\sbc\call_control\ts\kfpc_public\kfpc_linuxwinnet.h(17): fatal error C1083: 无法打开包括文件: “arpa/inet.h”: No such file or directory
  kfpc_compressfiletask.cpp
d:\hulg\yxcti\softswitch\sems-1.6.0\apps\sbc\call_control\ts\kfpc_public\kfpc_time.h(17): fatal error C1083: 无法打开包括文件: “sys/time.h”: No such file or directory
  KFPC_NodeMgr.cpp
d:\hulg\yxcti\softswitch\sems-1.6.0\apps\sbc\call_control\ts\kfpc_ehnode.h(2): fatal error C1083: 无法打开包括文件: “kfpc_logex.h”: No such file or directory
  KFPC_MonitorRefreshData.cpp
d:\hulg\yxcti\softswitch\sems-1.6.0\apps\sbc\call_control\ts\kfpc_monitorrefreshdata.h(2): fatal error C1083: 无法打开包括文件: “kfpc_loophandler.h”: No such file or directory
  KFPC_MonitorChMgr.cpp
  KFPC_EH_ID2Str.cpp
d:\hulg\yxcti\softswitch\sems-1.6.0\apps\sbc\call_control\ts\kfpc_tserverdef.h(3): fatal error C1083: 无法打开包括文件: “KFPC_ContactCenterPublicDef.h”: No such file or directory
  KFPC_EHNode.cpp
d:\hulg\yxcti\softswitch\sems-1.6.0\apps\sbc\call_control\ts\kfpc_ehnode.h(2): fatal error C1083: 无法打开包括文件: “kfpc_logex.h”: No such file or directory
  KFPC_ConfChannel.cpp
d:\hulg\yxcti\softswitch\sems-1.6.0\apps\sbc\call_control\ts\kfpc_tserverdef.h(3): fatal error C1083: 无法打开包括文件: “KFPC_ContactCenterPublicDef.h”: No such file or directory
  KFPC_ChRes.cpp
d:\hulg\yxcti\softswitch\sems-1.6.0\apps\sbc\call_control\ts\kfpc_chres.cpp(1): fatal error C1083: 无法打开包括文件: “kfpc_logex.h”: No such file or directory
  KFPC_ChMgr.cpp
d:\hulg\yxcti\softswitch\sems-1.6.0\apps\sbc\call_control\ts\kfpc_chmgr.cpp(1): fatal error C1083: 无法打开包括文件: “kfpc_logex.h”: No such file or directory
  KFPC_CheckInvalidCallID.cpp
d:\hulg\yxcti\softswitch\sems-1.6.0\apps\sbc\call_control\ts\kfpc_checkinvalidcallid.h(2): fatal error C1083: 无法打开包括文件: “kfpc_loophandler.h”: No such file or directory
  KFPC_Channel.cpp
d:\hulg\yxcti\softswitch\sems-1.6.0\apps\sbc\call_control\ts\kfpc_channel.cpp(1): fatal error C1083: 无法打开包括文件: “kfpc_logex.h”: No such file or directory
  KFPC_CallAlarmMgr.cpp
d:\hulg\yxcti\softswitch\sems-1.6.0\apps\sbc\call_control\ts\kfpc_callalarmmgr.cpp(2): fatal error C1083: 无法打开包括文件: “KFPC_ContactCenterPublicDef.h”: No such file or directory
  KFPC_VoiceSerAPIHandlerImp.cpp
d:\hulg\yxcti\softswitch\sems-1.6.0\apps\sbc\call_control\ts\kfpc_api\kfpc_voiceserapihandler.h(5): fatal error C1083: 无法打开包括文件: “kfpc_api_handle.h”: No such file or directory
  KFPC_VoiceSerAPIHandler.cpp
d:\hulg\yxcti\softswitch\sems-1.6.0\apps\sbc\call_control\ts\kfpc_api\kfpc_voiceserapihandler.h(5): fatal error C1083: 无法打开包括文件: “kfpc_api_handle.h”: No such file or directory
  KFPC_TSLicenseSerAPIHandlerImp.cpp
d:\hulg\yxcti\softswitch\sems-1.6.0\apps\sbc\call_control\ts\kfpc_api\kfpc_tslicenseserapihandlerimp.cpp(1): fatal error C1083: 无法打开包括文件: “kfpc_logex.h”: No such file or directory
  KFPC_TServerAPIPack.cpp
d:\hulg\yxcti\softswitch\sems-1.6.0\apps\sbc\call_control\ts\kfpc_api\kfpc_tserverapipack.h(4): fatal error C1083: 无法打开包括文件: “kfpc_tserver_api.h”: No such file or directory
  正在生成代码...
  正在编译...
  KFPC_TServerAPIHandlerImp.cpp
d:\hulg\yxcti\softswitch\sems-1.6.0\apps\sbc\call_control\ts\kfpc_api\kfpc_tserverapihandlerimp.cpp(1): fatal error C1083: 无法打开包括文件: “kfpc_logex.h”: No such file or directory
  KFPC_TServerAPIHandler.cpp
d:\hulg\yxcti\softswitch\sems-1.6.0\apps\sbc\call_control\ts\kfpc_api\kfpc_tserverapihandler.h(3): fatal error C1083: 无法打开包括文件: “kfpc_tserver_api.h”: No such file or directory
  KFPC_LicenseSerAPIHandler.cpp
d:\hulg\yxcti\softswitch\sems-1.6.0\apps\sbc\call_control\ts\kfpc_api\kfpc_licenseserapihandler.cpp(1): fatal error C1083: 无法打开包括文件: “kfpc_logex.h”: No such file or directory
  KFPC_ComApiHanderImp.cpp
d:\hulg\yxcti\softswitch\sems-1.6.0\apps\sbc\call_control\ts\kfpc_api\kfpc_comapihanderimp.cpp(3): fatal error C1083: 无法打开包括文件: “kfpc_logex.h”: No such file or directory
  KFPC_CmdTimer.cpp
d:\hulg\yxcti\softswitch\sems-1.6.0\apps\sbc\call_control\ts\control\kfpc_cmdtimer.h(3): fatal error C1083: 无法打开包括文件: “kfpc_loophandler.h”: No such file or directory
  KFPC_CmdThreadtask.cpp
d:\hulg\yxcti\softswitch\sems-1.6.0\apps\sbc\call_control\ts\control\kfpc_cmdthreadtask.h(5): fatal error C1083: 无法打开包括文件: “kfpc_threadtask.h”: No such file or directory
  KFPC_CmdMgr.cpp
d:\hulg\yxcti\softswitch\sems-1.6.0\apps\sbc\call_control\ts\control\kfpc_cmdmgr.cpp(1): fatal error C1083: 无法打开包括文件: “kfpc_logex.h”: No such file or directory
  KFPC_BaseCommandSet.cpp
d:\hulg\yxcti\softswitch\sems-1.6.0\apps\sbc\call_control\ts\control\kfpc_basecommandset.cpp(1): fatal error C1083: 无法打开包括文件: “kfpc_logex.h”: No such file or directory
  KFPC_StringUtils.cpp
d:\hulg\yxcti\softswitch\sems-1.6.0\apps\sbc\call_control\ts\contact_center_public\kfpc_stringutils.cpp(4): fatal error C1083: 无法打开包括文件: “iconv.h”: No such file or directory
  KFPC_NumberAnalyse.cpp
d:\hulg\yxcti\softswitch\sems-1.6.0\apps\sbc\call_control\ts\contact_center_public\kfpc_numberanalyse.cpp(59): warning C4267: “初始化”: 从“size_t”转换到“int”，可能丢失数据
  KFPC_LoopHandler.cpp
  KFPC_LinuxDaemon.cpp
  KFPC_LicCtrl.cpp
  KFPC_ExeCmdIDTask.cpp
d:\hulg\yxcti\softswitch\sems-1.6.0\apps\sbc\call_control\ts\contact_center_public\kfpc_execmdidtask.h(2): fatal error C1083: 无法打开包括文件: “kfpc_threadtask.h”: No such file or directory
  KFPC_DBThreadPool.cpp
d:\hulg\yxcti\softswitch\sems-1.6.0\apps\sbc\call_control\ts\contact_center_public\kfpc_dbthreadpool.h(2): fatal error C1083: 无法打开包括文件: “kfpc_threadpool.h”: No such file or directory
  KFPC_DBTask.cpp
d:\hulg\yxcti\softswitch\sems-1.6.0\apps\sbc\call_control\ts\contact_center_public\kfpc_dbtask.h(4): fatal error C1083: 无法打开包括文件: “KFPC_ThreadTask.h”: No such file or directory
  KFPC_DBAccessInfo.cpp
d:\hulg\yxcti\softswitch\sems-1.6.0\apps\sbc\call_control\ts\contact_center_public\kfpc_dbaccessinfo.cpp(4): fatal error C1083: 无法打开包括文件: “apr_general.h”: No such file or directory
  KFPC_ContactCenterPublicDef.cpp
d:\hulg\yxcti\softswitch\sems-1.6.0\apps\sbc\call_control\ts\contact_center_public\kfpc_contactcenterpublicdef.cpp(4): fatal error C1083: 无法打开包括文件: “kfpc_id.h”: No such file or directory
  KFPC_ConfigFile.cpp
d:\hulg\yxcti\softswitch\sems-1.6.0\apps\sbc\call_control\ts\contact_center_public\kfpc_configfile.h(13): fatal error C1083: 无法打开包括文件: “tinyxml.h”: No such file or directory
  KFPC_CommonVoice.cpp
d:\hulg\yxcti\softswitch\sems-1.6.0\apps\sbc\call_control\ts\contact_center_public\databaseaccess.h(5): fatal error C1083: 无法打开包括文件: “kfpc_linuxwinapi.h”: No such file or directory
  正在生成代码...
  正在编译...
  KFPC_ComApiHandler.cpp
d:\hulg\yxcti\softswitch\sems-1.6.0\apps\sbc\call_control\ts\contact_center_public\kfpc_comapihandler.h(3): fatal error C1083: 无法打开包括文件: “kfpc_api.h”: No such file or directory
  KFPC_BaseCommandSetEx.cpp
d:\hulg\yxcti\softswitch\sems-1.6.0\apps\sbc\call_control\ts\contact_center_public\kfpc_basecommand.h(2): fatal error C1083: 无法打开包括文件: “kfpc_msg.h”: No such file or directory
  KFPC_BaseCommand.cpp
d:\hulg\yxcti\softswitch\sems-1.6.0\apps\sbc\call_control\ts\contact_center_public\kfpc_basecommand.h(2): fatal error C1083: 无法打开包括文件: “kfpc_msg.h”: No such file or directory
  KFPC_BaseCmdMgr.cpp
d:\hulg\yxcti\softswitch\sems-1.6.0\apps\sbc\call_control\ts\contact_center_public\kfpc_basecmdmgr.h(3): fatal error C1083: 无法打开包括文件: “kfpc_mempool.h”: No such file or directory
  KFPC_AppMainThread.cpp
d:\hulg\yxcti\softswitch\sems-1.6.0\apps\sbc\call_control\ts\contact_center_public\kfpc_appmainthread.h(4): fatal error C1083: 无法打开包括文件: “kfpc_threadpool.h”: No such file or directory
  KFPC_API_Handle.cpp
d:\hulg\yxcti\softswitch\sems-1.6.0\apps\sbc\call_control\ts\contact_center_public\kfpc_api_handle.h(3): fatal error C1083: 无法打开包括文件: “kfpc_msg.h”: No such file or directory
  KFC_VoiceIDMgr.cpp
d:\hulg\yxcti\softswitch\sems-1.6.0\apps\sbc\call_control\ts\contact_center_public\databaseaccess.h(5): fatal error C1083: 无法打开包括文件: “kfpc_linuxwinapi.h”: No such file or directory
  hash.cpp
d:\hulg\yxcti\softswitch\sems-1.6.0\apps\sbc\call_control\ts\contact_center_public\hash.cpp(21): warning C4267: “初始化”: 从“size_t”转换到“unsigned int”，可能丢失数据
  DataBaseAccess.cpp
d:\hulg\yxcti\softswitch\sems-1.6.0\apps\sbc\call_control\ts\contact_center_public\databaseaccess.h(5): fatal error C1083: 无法打开包括文件: “kfpc_linuxwinapi.h”: No such file or directory
  KFPC_TServerConfigFile.cpp
d:\hulg\yxcti\softswitch\sems-1.6.0\apps\sbc\call_control\ts\cfg_mod\kfpc_tserverconfigfile.h(2): fatal error C1083: 无法打开包括文件: “KFPC_ConfigFile.h”: No such file or directory
  KFPC_TrunkGroupMgr.cpp
d:\hulg\yxcti\softswitch\sems-1.6.0\apps\sbc\call_control\ts\cfg_mod\kfpc_trunkgroupmgr.cpp(1): fatal error C1083: 无法打开包括文件: “kfpc_logex.h”: No such file or directory
  KFPC_TrunkGroup.cpp
d:\hulg\yxcti\softswitch\sems-1.6.0\apps\sbc\call_control\ts\cfg_mod\kfpc_trunkgroup.cpp(1): fatal error C1083: 无法打开包括文件: “kfpc_logex.h”: No such file or directory
  正在生成代码...
